SF:lib/bloc/app_bar_bloc/app_bar_bloc.dart
DA:7,0
DA:9,0
DA:10,0
LF:3
LH:0
end_of_record
SF:lib/bloc/home_bloc/home_bloc.dart
DA:8,0
DA:10,0
DA:11,0
DA:13,0
DA:14,0
DA:15,0
DA:16,0
DA:17,0
DA:18,0
DA:19,0
DA:20,0
DA:21,0
DA:23,0
DA:24,0
DA:26,0
DA:31,0
DA:34,0
DA:37,0
DA:40,0
DA:41,0
DA:43,0
DA:46,0
DA:49,0
DA:52,0
DA:53,0
DA:56,0
LF:26
LH:0
end_of_record
SF:lib/bloc/login_bloc/login_bloc.dart
DA:9,3
DA:11,0
DA:13,0
DA:14,0
DA:15,0
DA:16,0
DA:17,0
DA:24,0
DA:26,0
DA:29,0
DA:31,0
DA:32,0
DA:33,0
DA:35,0
DA:36,0
DA:37,0
DA:41,0
DA:43,0
LF:18
LH:1
end_of_record
SF:lib/bloc/product_bloc/product_bloc.dart
DA:6,0
DA:8,0
DA:11,0
LF:3
LH:0
end_of_record
SF:lib/bloc/size_config_bloc/size_config_bloc.dart
DA:5,3
DA:7,0
DA:8,0
LF:3
LH:1
end_of_record
SF:lib/bloc/splash_bloc/splash_bloc.dart
DA:5,0
DA:7,0
DA:8,0
DA:9,0
LF:4
LH:0
end_of_record
SF:lib/bloc/theme_bloc/theme_bloc.dart
DA:6,3
DA:9,0
DA:11,0
LF:3
LH:1
end_of_record
SF:lib/main.dart
DA:21,0
DA:23,0
DA:24,0
DA:25,0
DA:36,0
DA:37,0
DA:38,0
DA:39,0
DA:40,0
DA:41,0
DA:45,1
DA:47,0
DA:50,0
DA:51,0
DA:52,0
DA:53,0
DA:55,0
DA:56,0
DA:58,0
DA:59,0
DA:61,0
DA:62,0
DA:64,0
DA:65,0
DA:67,0
DA:68,0
DA:70,0
DA:71,0
DA:77,0
DA:78,0
DA:80,0
LF:31
LH:1
end_of_record
SF:lib/presentation/login_module/login_screen.dart
DA:22,1
DA:24,1
DA:26,1
DA:27,0
DA:28,0
DA:29,0
DA:31,0
DA:32,0
DA:35,2
DA:36,1
DA:38,1
DA:39,1
DA:40,1
DA:44,1
DA:45,1
DA:47,1
DA:50,1
DA:59,1
DA:60,1
DA:63,1
DA:65,1
DA:68,1
DA:69,1
DA:73,1
DA:75,1
DA:78,1
DA:79,1
DA:81,0
DA:82,0
DA:83,0
DA:84,0
DA:85,0
DA:91,1
DA:92,1
DA:94,0
DA:99,1
DA:100,1
DA:101,1
DA:102,1
DA:103,0
DA:104,0
DA:105,0
DA:113,1
LF:43
LH:29
end_of_record
SF:lib/utils/themes/custom_themes.dart
DA:5,3
DA:8,1
DA:13,3
DA:16,1
LF:4
LH:4
end_of_record
SF:lib/data/app_bar_data.dart
DA:4,0
LF:1
LH:0
end_of_record
SF:lib/data/home_data/home_model.dart
DA:13,0
LF:1
LH:0
end_of_record
SF:lib/data/home_data/product_model.dart
DA:13,0
DA:25,0
DA:26,0
DA:27,0
DA:28,0
DA:29,0
DA:30,0
DA:31,0
DA:32,0
DA:33,0
DA:34,0
DA:35,0
DA:37,0
DA:38,0
DA:39,0
DA:52,0
DA:61,0
DA:62,0
DA:63,0
DA:64,0
DA:65,0
DA:66,0
DA:67,0
DA:68,0
DA:71,0
DA:72,0
DA:73,0
DA:74,0
DA:75,0
DA:76,0
DA:77,0
DA:78,0
DA:79,0
DA:82,0
DA:83,0
DA:84,0
DA:85,0
DA:86,0
DA:87,0
DA:88,0
DA:89,0
DA:90,0
DA:99,0
DA:101,0
DA:102,0
DA:103,0
DA:106,0
DA:107,0
DA:108,0
DA:109,0
LF:50
LH:0
end_of_record
SF:lib/data/login_data/login_model.dart
DA:7,1
LF:1
LH:1
end_of_record
SF:lib/bloc/product_bloc/product_state.dart
DA:7,0
LF:1
LH:0
end_of_record
SF:lib/bloc/splash_bloc/splash_states.dart
DA:4,0
LF:1
LH:0
end_of_record
SF:lib/data/size_config/size_config_data.dart
DA:5,1
LF:1
LH:1
end_of_record
SF:lib/dsa.dart
DA:11,0
DA:13,0
DA:14,0
DA:16,0
DA:17,0
DA:18,0
DA:19,0
DA:20,0
DA:21,0
DA:22,0
DA:24,0
DA:25,0
DA:27,0
DA:28,0
DA:30,0
DA:33,0
DA:50,0
DA:51,0
DA:53,0
DA:54,0
DA:55,0
DA:56,0
DA:60,0
DA:61,0
DA:70,0
DA:71,0
DA:73,0
DA:74,0
DA:75,0
DA:77,0
DA:80,0
DA:81,0
DA:82,0
DA:89,0
DA:91,0
DA:96,0
DA:99,0
DA:100,0
DA:101,0
DA:104,0
DA:105,0
DA:111,0
DA:112,0
DA:113,0
DA:114,0
DA:116,0
DA:117,0
DA:122,0
DA:123,0
DA:124,0
DA:128,0
DA:129,0
DA:130,0
LF:53
LH:0
end_of_record
SF:lib/presentation/splash_module/splash_screen.dart
DA:16,1
DA:18,0
DA:20,0
DA:21,0
DA:22,0
DA:23,0
DA:24,0
DA:25,0
DA:26,0
DA:27,0
DA:29,0
DA:30,0
DA:32,0
DA:35,0
LF:14
LH:1
end_of_record
SF:lib/presentation/app_bar/custom_app_bar.dart
DA:10,0
DA:14,1
DA:16,0
DA:18,0
DA:19,0
DA:21,0
DA:23,0
DA:26,0
DA:27,0
DA:28,0
DA:29,0
DA:30,0
DA:31,0
LF:13
LH:1
end_of_record
SF:lib/presentation/common_widgets/base_widgets/base_widget.dart
DA:10,0
DA:18,0
DA:20,0
DA:21,0
DA:36,0
DA:37,0
DA:38,0
LF:7
LH:0
end_of_record
SF:lib/presentation/common_widgets/clippers/clipper_background.dart
DA:12,2
DA:14,1
DA:16,1
DA:17,1
DA:22,1
DA:24,1
DA:25,1
DA:26,4
DA:27,1
DA:28,4
DA:29,4
DA:30,1
DA:31,4
DA:32,4
DA:33,1
DA:34,4
DA:35,4
DA:36,1
DA:37,3
DA:38,4
DA:39,1
DA:40,1
DA:41,1
DA:44,1
DA:47,1
DA:49,1
DA:50,1
DA:51,4
DA:52,1
DA:53,4
DA:54,4
DA:55,1
DA:56,4
DA:57,4
DA:58,1
DA:59,4
DA:60,4
DA:61,1
DA:62,3
DA:63,4
DA:64,1
DA:65,1
DA:66,1
DA:69,1
DA:74,1
DA:76,1
DA:77,1
DA:78,4
DA:79,1
DA:80,4
DA:81,4
DA:82,1
DA:83,4
DA:84,4
DA:85,1
DA:86,4
DA:87,4
DA:88,1
DA:89,3
DA:90,4
DA:91,1
DA:92,1
DA:93,1
DA:96,1
DA:100,1
DA:102,1
DA:103,1
DA:104,4
DA:105,1
DA:106,4
DA:107,4
DA:108,1
DA:109,4
DA:110,5
DA:112,1
DA:113,4
DA:114,4
DA:116,5
DA:118,1
DA:119,3
DA:120,5
DA:122,1
DA:123,1
DA:124,1
DA:127,1
DA:130,1
DA:132,4
DA:134,1
LF:88
LH:88
end_of_record
SF:lib/presentation/common_widgets/buttons/custom_text_button.dart
DA:9,1
DA:15,1
DA:17,1
DA:18,1
DA:19,1
DA:20,0
DA:21,0
DA:23,2
LF:8
LH:6
end_of_record
SF:lib/presentation/common_widgets/buttons/text_button_without_background.dart
DA:9,0
DA:15,0
DA:17,0
DA:18,0
DA:19,0
DA:21,0
LF:6
LH:0
end_of_record
SF:lib/presentation/common_widgets/clippers/shadow_clipper.dart
DA:8,1
DA:13,1
DA:15,1
DA:17,1
DA:18,1
DA:19,1
DA:20,1
DA:22,3
DA:31,1
DA:33,1
DA:35,2
DA:36,5
DA:37,1
DA:40,0
LF:14
LH:13
end_of_record
SF:lib/presentation/common_widgets/clippers/clipper_with_curvv.dart
DA:11,1
DA:19,1
DA:21,1
DA:22,5
DA:24,5
DA:25,4
DA:27,5
DA:28,4
DA:30,4
DA:31,2
DA:32,1
DA:36,0
LF:12
LH:11
end_of_record
SF:lib/presentation/common_widgets/clippers/splash_clipper.dart
DA:16,1
DA:22,0
DA:24,0
DA:25,0
DA:26,0
DA:27,0
DA:28,0
DA:31,0
DA:34,0
DA:36,0
DA:37,0
DA:38,0
DA:39,0
DA:40,0
DA:41,0
DA:42,0
DA:43,0
DA:44,0
DA:45,0
DA:46,0
DA:47,0
DA:48,0
DA:49,0
DA:50,0
DA:51,0
DA:52,0
DA:53,0
DA:56,0
DA:60,0
DA:61,0
DA:62,0
DA:63,0
DA:64,0
DA:65,0
DA:66,0
DA:67,0
DA:68,0
DA:69,0
DA:70,0
DA:71,0
DA:72,0
DA:73,0
DA:74,0
DA:75,0
DA:76,0
DA:77,0
DA:78,0
DA:79,0
DA:82,0
DA:86,0
DA:88,0
DA:89,0
DA:91,0
DA:92,0
DA:93,0
DA:94,0
DA:95,0
DA:96,0
DA:97,0
DA:98,0
DA:99,0
DA:100,0
DA:101,0
DA:102,0
DA:103,0
DA:104,0
DA:105,0
DA:106,0
DA:107,0
DA:108,0
DA:111,0
LF:71
LH:1
end_of_record
SF:lib/presentation/common_widgets/texts/header_texts.dart
DA:7,1
DA:9,1
DA:11,1
DA:12,1
DA:13,1
DA:14,1
DA:15,4
LF:7
LH:7
end_of_record
SF:lib/presentation/common_widgets/texts/animated_text.dart
DA:7,1
DA:9,0
DA:11,0
DA:12,0
DA:13,0
DA:14,0
DA:15,0
DA:16,0
DA:19,0
DA:20,0
LF:10
LH:1
end_of_record
SF:lib/presentation/common_widgets/crousels/home_crousel.dart
DA:14,0
DA:16,0
DA:18,0
DA:19,0
DA:20,0
DA:21,0
DA:23,0
DA:24,0
DA:25,0
DA:26,0
DA:27,0
DA:35,0
DA:36,0
DA:37,0
DA:39,0
DA:41,0
DA:42,0
DA:43,0
DA:44,0
DA:45,0
DA:46,0
DA:53,0
LF:22
LH:0
end_of_record
SF:lib/presentation/common_widgets/edit_texts/custom_edit_text_with_border.dart
DA:13,1
DA:22,1
DA:24,1
DA:25,1
DA:26,1
DA:27,1
DA:28,0
DA:30,0
DA:32,0
DA:33,1
DA:34,1
DA:35,2
LF:12
LH:9
end_of_record
SF:lib/utils/text_validaters/TextValidators.dart
DA:6,1
DA:8,0
DA:10,0
DA:12,0
DA:17,0
DA:19,0
DA:21,0
LF:7
LH:1
end_of_record
SF:lib/presentation/common_widgets/shimmers/home_shimmer.dart
DA:9,0
DA:11,0
DA:13,0
DA:14,0
DA:15,0
DA:17,0
DA:19,0
DA:23,0
DA:24,0
DA:26,0
DA:40,0
DA:41,0
DA:42,0
DA:43,0
DA:44,0
DA:45,0
DA:47,0
DA:51,0
DA:53,0
DA:55,0
DA:59,0
DA:60,0
DA:63,0
DA:64,0
DA:71,0
DA:73,0
DA:75,0
DA:79,0
DA:93,0
DA:95,0
DA:97,0
DA:101,0
DA:102,0
DA:105,0
DA:106,0
DA:113,0
DA:115,0
DA:117,0
DA:121,0
LF:39
LH:0
end_of_record
SF:lib/presentation/common_widgets/tabble/table_with_two_columns.dart
DA:6,0
DA:8,0
DA:10,0
DA:11,0
DA:12,0
LF:5
LH:0
end_of_record
SF:lib/presentation/home_module/home_page_screen.dart
DA:19,0
DA:21,0
DA:22,0
DA:27,0
DA:29,0
DA:32,0
DA:34,0
DA:37,0
DA:39,0
DA:40,0
DA:43,0
DA:45,0
DA:46,0
DA:47,0
DA:48,0
DA:50,0
DA:51,0
DA:54,0
DA:55,0
DA:56,0
DA:60,0
DA:61,0
DA:62,0
DA:63,0
DA:64,0
DA:65,0
DA:67,0
DA:69,0
DA:70,0
DA:71,0
DA:72,0
DA:74,0
DA:76,0
DA:79,0
DA:80,0
DA:81,0
DA:82,0
DA:83,0
DA:86,0
DA:90,0
DA:92,0
DA:94,0
DA:96,0
DA:99,0
DA:101,0
DA:103,0
DA:104,0
DA:106,0
LF:48
LH:0
end_of_record
SF:lib/presentation/home_module/widgets/home_page_circlular_product.dart
DA:9,0
DA:13,0
DA:15,0
DA:16,0
DA:17,0
DA:20,0
DA:21,0
DA:22,0
DA:25,0
DA:26,0
DA:27,0
DA:30,0
DA:31,0
DA:32,0
DA:35,0
DA:36,0
DA:38,0
DA:39,0
DA:40,0
DA:41,0
DA:43,0
DA:44,0
DA:49,0
DA:50,0
DA:52,0
DA:53,0
LF:26
LH:0
end_of_record
SF:lib/presentation/home_module/widgets/homepage_square_product.dart
DA:12,0
DA:15,0
DA:17,0
DA:18,0
DA:19,0
DA:22,0
DA:23,0
DA:24,0
DA:25,0
DA:29,0
DA:30,0
DA:31,0
DA:34,0
DA:35,0
DA:36,0
DA:38,0
DA:39,0
DA:40,0
DA:41,0
DA:42,0
DA:43,0
DA:44,0
DA:48,0
DA:51,0
DA:52,0
DA:53,0
DA:70,0
DA:71,0
DA:74,0
DA:75,0
DA:79,0
DA:80,0
DA:87,0
DA:90,0
DA:96,0
DA:97,0
DA:98,0
DA:99,0
LF:38
LH:0
end_of_record
SF:lib/presentation/home_module/widgets/image_preview.dart
DA:8,0
DA:10,0
DA:17,0
DA:19,0
DA:20,0
DA:21,0
DA:22,0
DA:23,0
DA:25,0
DA:32,0
DA:36,0
DA:42,0
DA:43,0
DA:44,0
DA:50,0
DA:52,0
DA:53,0
DA:54,0
DA:59,0
DA:60,0
DA:62,0
DA:68,0
DA:69,0
LF:23
LH:0
end_of_record
SF:lib/presentation/home_module/widgets/video_player.dart
DA:6,0
DA:7,0
DA:31,0
DA:33,0
DA:34,0
DA:37,0
DA:38,0
DA:40,0
DA:41,0
DA:42,0
DA:44,0
DA:47,0
DA:48,0
DA:49,0
DA:50,0
DA:53,0
DA:54,0
DA:58,0
DA:60,0
DA:62,0
DA:63,0
DA:66,0
DA:68,0
DA:69,0
DA:71,0
DA:73,0
DA:74,0
DA:77,0
DA:79,0
DA:80,0
DA:82,0
DA:98,0
DA:108,0
DA:111,0
DA:115,0
DA:118,0
DA:122,0
DA:124,0
LF:38
LH:0
end_of_record
SF:lib/presentation/product_module/product_gallery_page.dart
DA:14,1
DA:16,0
DA:18,0
DA:19,0
DA:20,0
DA:21,0
DA:22,0
DA:24,0
DA:25,0
DA:26,0
DA:27,0
DA:28,0
DA:33,0
DA:34,0
DA:37,0
DA:42,0
DA:43,0
DA:44,0
DA:45,0
DA:46,0
DA:48,0
DA:49,0
DA:50,0
LF:23
LH:1
end_of_record
SF:lib/presentation/product_module/widgets/map_delivery_product.dart
DA:11,2
DA:13,0
DA:14,0
DA:37,0
DA:40,0
DA:42,0
DA:44,0
DA:46,0
DA:48,0
DA:57,0
DA:59,0
DA:60,0
DA:61,0
DA:62,0
DA:63,0
DA:75,0
DA:77,0
DA:78,0
LF:18
LH:1
end_of_record
SF:lib/presentation/login_module/login_widgets/social_login_button.dart
DA:10,1
DA:12,1
DA:14,1
DA:16,1
DA:17,0
DA:18,0
DA:20,1
DA:22,1
DA:23,1
DA:26,1
LF:10
LH:8
end_of_record
SF:lib/presentation/product_module/product_details_page.dart
DA:13,0
DA:15,0
DA:16,0
DA:24,0
DA:26,0
DA:27,0
DA:28,0
DA:29,0
DA:31,0
DA:32,0
DA:37,0
DA:39,0
DA:40,0
DA:45,0
DA:47,0
DA:48,0
DA:49,0
DA:51,0
DA:54,0
DA:56,0
DA:57,0
DA:59,0
DA:60,0
DA:61,0
DA:62,0
DA:66,0
DA:68,0
DA:69,0
DA:70,0
DA:72,0
DA:74,0
DA:76,0
DA:77,0
DA:78,0
DA:79,0
DA:80,0
DA:82,0
DA:84,0
DA:85,0
DA:86,0
DA:89,0
DA:91,0
DA:92,0
DA:99,0
DA:100,0
DA:101,0
DA:102,0
DA:116,0
DA:117,0
DA:120,0
DA:121,0
DA:123,0
DA:125,0
DA:128,0
DA:130,0
DA:133,0
DA:134,0
DA:135,0
DA:136,0
DA:137,0
DA:138,0
DA:141,0
DA:162,0
DA:166,0
DA:167,0
DA:169,0
DA:170,0
DA:172,0
DA:175,0
DA:177,0
DA:181,0
LF:71
LH:0
end_of_record
SF:lib/presentation/product_module/widgets/product_tile.dart
DA:8,0
DA:10,0
DA:12,0
DA:13,0
DA:14,0
DA:15,0
DA:19,0
LF:7
LH:0
end_of_record
SF:lib/presentation/product_module/widgets/product_tile_with_image.dart
DA:10,0
DA:17,0
DA:19,0
DA:21,0
DA:23,0
DA:24,0
DA:25,0
DA:26,0
DA:28,0
DA:29,0
DA:31,0
DA:32,0
DA:40,0
DA:41,0
DA:49,0
DA:50,0
DA:52,0
DA:55,0
LF:18
LH:0
end_of_record
SF:lib/presentation/product_module/widgets/product_card.dart
DA:9,0
DA:11,0
DA:13,0
DA:14,0
DA:16,0
DA:18,0
DA:20,0
DA:24,0
DA:25,0
DA:27,0
DA:28,0
DA:30,0
DA:31,0
DA:37,0
DA:39,0
DA:43,0
DA:44,0
DA:50,0
DA:52,0
DA:54,0
DA:55,0
LF:21
LH:0
end_of_record
SF:lib/routes.dart
DA:3,0
DA:4,0
DA:5,0
DA:6,0
DA:11,0
DA:13,0
DA:14,0
LF:7
LH:0
end_of_record
